{"/Users/mars/Documents/learning/full-stack-2023/notes/src/App.jsx": {"path":"/Users/mars/Documents/learning/full-stack-2023/notes/src/App.jsx","statementMap":{"0":{"start":{"line":11,"column":12},"end":{"line":114,"column":1}},"1":{"start":{"line":12,"column":28},"end":{"line":12,"column":40}},"2":{"start":{"line":13,"column":42},"end":{"line":13,"column":56}},"3":{"start":{"line":14,"column":26},"end":{"line":14,"column":40}},"4":{"start":{"line":16,"column":19},"end":{"line":20,"column":3}},"5":{"start":{"line":17,"column":4},"end":{"line":19,"column":7}},"6":{"start":{"line":18,"column":6},"end":{"line":18,"column":29}},"7":{"start":{"line":22,"column":34},"end":{"line":29,"column":3}},"8":{"start":{"line":23,"column":27},"end":{"line":23,"column":75}},"9":{"start":{"line":24,"column":4},"end":{"line":28,"column":5}},"10":{"start":{"line":25,"column":19},"end":{"line":25,"column":45}},"11":{"start":{"line":26,"column":6},"end":{"line":26,"column":20}},"12":{"start":{"line":27,"column":6},"end":{"line":27,"column":39}},"13":{"start":{"line":31,"column":2},"end":{"line":31,"column":26}},"14":{"start":{"line":32,"column":2},"end":{"line":32,"column":41}},"15":{"start":{"line":34,"column":18},"end":{"line":46,"column":3}},"16":{"start":{"line":35,"column":4},"end":{"line":45,"column":5}},"17":{"start":{"line":36,"column":27},"end":{"line":36,"column":63}},"18":{"start":{"line":37,"column":6},"end":{"line":37,"column":43}},"19":{"start":{"line":38,"column":6},"end":{"line":38,"column":45}},"20":{"start":{"line":40,"column":6},"end":{"line":40,"column":25}},"21":{"start":{"line":41,"column":6},"end":{"line":41,"column":65}},"22":{"start":{"line":42,"column":6},"end":{"line":44,"column":15}},"23":{"start":{"line":43,"column":8},"end":{"line":43,"column":30}},"24":{"start":{"line":48,"column":29},"end":{"line":67,"column":3}},"25":{"start":{"line":49,"column":17},"end":{"line":49,"column":53}},"26":{"start":{"line":49,"column":38},"end":{"line":49,"column":52}},"27":{"start":{"line":50,"column":24},"end":{"line":50,"column":63}},"28":{"start":{"line":52,"column":4},"end":{"line":66,"column":9}},"29":{"start":{"line":55,"column":8},"end":{"line":55,"column":77}},"30":{"start":{"line":55,"column":38},"end":{"line":55,"column":74}},"31":{"start":{"line":58,"column":8},"end":{"line":58,"column":29}},"32":{"start":{"line":59,"column":8},"end":{"line":61,"column":10}},"33":{"start":{"line":62,"column":8},"end":{"line":64,"column":17}},"34":{"start":{"line":63,"column":10},"end":{"line":63,"column":32}},"35":{"start":{"line":65,"column":8},"end":{"line":65,"column":51}},"36":{"start":{"line":65,"column":37},"end":{"line":65,"column":48}},"37":{"start":{"line":69,"column":22},"end":{"line":84,"column":3}},"38":{"start":{"line":70,"column":4},"end":{"line":83,"column":5}},"39":{"start":{"line":71,"column":19},"end":{"line":74,"column":8}},"40":{"start":{"line":75,"column":6},"end":{"line":75,"column":77}},"41":{"start":{"line":76,"column":6},"end":{"line":76,"column":39}},"42":{"start":{"line":77,"column":6},"end":{"line":77,"column":20}},"43":{"start":{"line":79,"column":6},"end":{"line":79,"column":43}},"44":{"start":{"line":80,"column":6},"end":{"line":82,"column":15}},"45":{"start":{"line":81,"column":8},"end":{"line":81,"column":30}},"46":{"start":{"line":86,"column":23},"end":{"line":89,"column":3}},"47":{"start":{"line":87,"column":4},"end":{"line":87,"column":56}},"48":{"start":{"line":88,"column":4},"end":{"line":88,"column":18}},"49":{"start":{"line":91,"column":22},"end":{"line":91,"column":30}},"50":{"start":{"line":93,"column":2},"end":{"line":113,"column":4}}},"fnMap":{"0":{"name":"(anonymous_0)","decl":{"start":{"line":11,"column":12},"end":{"line":11,"column":13}},"loc":{"start":{"line":11,"column":18},"end":{"line":114,"column":1}},"line":11},"1":{"name":"(anonymous_1)","decl":{"start":{"line":16,"column":19},"end":{"line":16,"column":20}},"loc":{"start":{"line":16,"column":25},"end":{"line":20,"column":3}},"line":16},"2":{"name":"(anonymous_2)","decl":{"start":{"line":17,"column":30},"end":{"line":17,"column":31}},"loc":{"start":{"line":17,"column":48},"end":{"line":19,"column":5}},"line":17},"3":{"name":"(anonymous_3)","decl":{"start":{"line":22,"column":34},"end":{"line":22,"column":35}},"loc":{"start":{"line":22,"column":40},"end":{"line":29,"column":3}},"line":22},"4":{"name":"(anonymous_4)","decl":{"start":{"line":34,"column":18},"end":{"line":34,"column":19}},"loc":{"start":{"line":34,"column":40},"end":{"line":46,"column":3}},"line":34},"5":{"name":"(anonymous_5)","decl":{"start":{"line":42,"column":17},"end":{"line":42,"column":18}},"loc":{"start":{"line":42,"column":23},"end":{"line":44,"column":7}},"line":42},"6":{"name":"(anonymous_6)","decl":{"start":{"line":48,"column":29},"end":{"line":48,"column":30}},"loc":{"start":{"line":48,"column":37},"end":{"line":67,"column":3}},"line":48},"7":{"name":"(anonymous_7)","decl":{"start":{"line":49,"column":28},"end":{"line":49,"column":29}},"loc":{"start":{"line":49,"column":38},"end":{"line":49,"column":52}},"line":49},"8":{"name":"(anonymous_8)","decl":{"start":{"line":54,"column":12},"end":{"line":54,"column":13}},"loc":{"start":{"line":55,"column":8},"end":{"line":55,"column":77}},"line":55},"9":{"name":"(anonymous_9)","decl":{"start":{"line":55,"column":27},"end":{"line":55,"column":28}},"loc":{"start":{"line":55,"column":38},"end":{"line":55,"column":74}},"line":55},"10":{"name":"(anonymous_10)","decl":{"start":{"line":57,"column":13},"end":{"line":57,"column":14}},"loc":{"start":{"line":57,"column":24},"end":{"line":66,"column":7}},"line":57},"11":{"name":"(anonymous_11)","decl":{"start":{"line":62,"column":19},"end":{"line":62,"column":20}},"loc":{"start":{"line":62,"column":25},"end":{"line":64,"column":9}},"line":62},"12":{"name":"(anonymous_12)","decl":{"start":{"line":65,"column":30},"end":{"line":65,"column":31}},"loc":{"start":{"line":65,"column":37},"end":{"line":65,"column":48}},"line":65},"13":{"name":"(anonymous_13)","decl":{"start":{"line":69,"column":22},"end":{"line":69,"column":23}},"loc":{"start":{"line":69,"column":52},"end":{"line":84,"column":3}},"line":69},"14":{"name":"(anonymous_14)","decl":{"start":{"line":80,"column":17},"end":{"line":80,"column":18}},"loc":{"start":{"line":80,"column":23},"end":{"line":82,"column":7}},"line":80},"15":{"name":"(anonymous_15)","decl":{"start":{"line":86,"column":23},"end":{"line":86,"column":24}},"loc":{"start":{"line":86,"column":29},"end":{"line":89,"column":3}},"line":86}},"branchMap":{"0":{"loc":{"start":{"line":24,"column":4},"end":{"line":28,"column":5}},"type":"if","locations":[{"start":{"line":24,"column":4},"end":{"line":28,"column":5}},{"start":{},"end":{}}],"line":24},"1":{"loc":{"start":{"line":55,"column":38},"end":{"line":55,"column":74}},"type":"cond-expr","locations":[{"start":{"line":55,"column":55},"end":{"line":55,"column":59}},{"start":{"line":55,"column":62},"end":{"line":55,"column":74}}],"line":55},"2":{"loc":{"start":{"line":97,"column":7},"end":{"line":110,"column":7}},"type":"cond-expr","locations":[{"start":{"line":98,"column":8},"end":{"line":100,"column":20}},{"start":{"line":102,"column":8},"end":{"line":109,"column":11}}],"line":97}},"s":{"0":0,"1":0,"2":0,"3":0,"4":0,"5":0,"6":0,"7":0,"8":0,"9":0,"10":0,"11":0,"12":0,"13":0,"14":0,"15":0,"16":0,"17":0,"18":0,"19":0,"20":0,"21":0,"22":0,"23":0,"24":0,"25":0,"26":0,"27":0,"28":0,"29":0,"30":0,"31":0,"32":0,"33":0,"34":0,"35":0,"36":0,"37":0,"38":0,"39":0,"40":0,"41":0,"42":0,"43":0,"44":0,"45":0,"46":0,"47":0,"48":0,"49":0,"50":0},"f":{"0":0,"1":0,"2":0,"3":0,"4":0,"5":0,"6":0,"7":0,"8":0,"9":0,"10":0,"11":0,"12":0,"13":0,"14":0,"15":0},"b":{"0":[0,0],"1":[0,0],"2":[0,0]}}
,"/Users/mars/Documents/learning/full-stack-2023/notes/src/main.jsx": {"path":"/Users/mars/Documents/learning/full-stack-2023/notes/src/main.jsx","statementMap":{"0":{"start":{"line":5,"column":0},"end":{"line":5,"column":69}}},"fnMap":{},"branchMap":{},"s":{"0":0},"f":{},"b":{}}
,"/Users/mars/Documents/learning/full-stack-2023/notes/src/components/Footer.jsx": {"path":"/Users/mars/Documents/learning/full-stack-2023/notes/src/components/Footer.jsx","statementMap":{"0":{"start":{"line":1,"column":15},"end":{"line":15,"column":1}},"1":{"start":{"line":2,"column":22},"end":{"line":6,"column":3}},"2":{"start":{"line":7,"column":2},"end":{"line":14,"column":4}}},"fnMap":{"0":{"name":"(anonymous_0)","decl":{"start":{"line":1,"column":15},"end":{"line":1,"column":16}},"loc":{"start":{"line":1,"column":21},"end":{"line":15,"column":1}},"line":1}},"branchMap":{},"s":{"0":0,"1":0,"2":0},"f":{"0":0},"b":{}}
,"/Users/mars/Documents/learning/full-stack-2023/notes/src/components/Login.jsx": {"path":"/Users/mars/Documents/learning/full-stack-2023/notes/src/components/Login.jsx","statementMap":{"0":{"start":{"line":4,"column":14},"end":{"line":42,"column":1}},"1":{"start":{"line":5,"column":34},"end":{"line":5,"column":46}},"2":{"start":{"line":6,"column":34},"end":{"line":6,"column":46}},"3":{"start":{"line":8,"column":23},"end":{"line":13,"column":3}},"4":{"start":{"line":9,"column":4},"end":{"line":9,"column":27}},"5":{"start":{"line":10,"column":4},"end":{"line":10,"column":38}},"6":{"start":{"line":11,"column":4},"end":{"line":11,"column":20}},"7":{"start":{"line":12,"column":4},"end":{"line":12,"column":20}},"8":{"start":{"line":15,"column":2},"end":{"line":41,"column":4}},"9":{"start":{"line":26,"column":38},"end":{"line":26,"column":63}},"10":{"start":{"line":35,"column":38},"end":{"line":35,"column":63}},"11":{"start":{"line":46,"column":0},"end":{"line":48,"column":2}}},"fnMap":{"0":{"name":"(anonymous_0)","decl":{"start":{"line":4,"column":14},"end":{"line":4,"column":15}},"loc":{"start":{"line":4,"column":31},"end":{"line":42,"column":1}},"line":4},"1":{"name":"(anonymous_1)","decl":{"start":{"line":8,"column":23},"end":{"line":8,"column":24}},"loc":{"start":{"line":8,"column":40},"end":{"line":13,"column":3}},"line":8},"2":{"name":"(anonymous_2)","decl":{"start":{"line":26,"column":22},"end":{"line":26,"column":23}},"loc":{"start":{"line":26,"column":38},"end":{"line":26,"column":63}},"line":26},"3":{"name":"(anonymous_3)","decl":{"start":{"line":35,"column":22},"end":{"line":35,"column":23}},"loc":{"start":{"line":35,"column":38},"end":{"line":35,"column":63}},"line":35}},"branchMap":{},"s":{"0":0,"1":0,"2":0,"3":0,"4":0,"5":0,"6":0,"7":0,"8":0,"9":0,"10":0,"11":0},"f":{"0":0,"1":0,"2":0,"3":0},"b":{}}
,"/Users/mars/Documents/learning/full-stack-2023/notes/src/components/Notification.jsx": {"path":"/Users/mars/Documents/learning/full-stack-2023/notes/src/components/Notification.jsx","statementMap":{"0":{"start":{"line":1,"column":21},"end":{"line":11,"column":1}},"1":{"start":{"line":2,"column":2},"end":{"line":4,"column":3}},"2":{"start":{"line":3,"column":4},"end":{"line":3,"column":15}},"3":{"start":{"line":6,"column":2},"end":{"line":10,"column":3}}},"fnMap":{"0":{"name":"(anonymous_0)","decl":{"start":{"line":1,"column":21},"end":{"line":1,"column":22}},"loc":{"start":{"line":1,"column":38},"end":{"line":11,"column":1}},"line":1}},"branchMap":{"0":{"loc":{"start":{"line":2,"column":2},"end":{"line":4,"column":3}},"type":"if","locations":[{"start":{"line":2,"column":2},"end":{"line":4,"column":3}},{"start":{},"end":{}}],"line":2}},"s":{"0":0,"1":0,"2":0,"3":0},"f":{"0":0},"b":{"0":[0,0]}}
,"/Users/mars/Documents/learning/full-stack-2023/notes/src/components/Togglable.jsx": {"path":"/Users/mars/Documents/learning/full-stack-2023/notes/src/components/Togglable.jsx","statementMap":{"0":{"start":{"line":4,"column":18},"end":{"line":31,"column":2}},"1":{"start":{"line":5,"column":32},"end":{"line":5,"column":47}},"2":{"start":{"line":7,"column":26},"end":{"line":7,"column":60}},"3":{"start":{"line":8,"column":26},"end":{"line":8,"column":60}},"4":{"start":{"line":10,"column":27},"end":{"line":12,"column":3}},"5":{"start":{"line":11,"column":4},"end":{"line":11,"column":25}},"6":{"start":{"line":14,"column":2},"end":{"line":18,"column":5}},"7":{"start":{"line":15,"column":4},"end":{"line":17,"column":6}},"8":{"start":{"line":20,"column":2},"end":{"line":30,"column":4}},"9":{"start":{"line":33,"column":0},"end":{"line":33,"column":36}},"10":{"start":{"line":37,"column":0},"end":{"line":39,"column":2}}},"fnMap":{"0":{"name":"(anonymous_0)","decl":{"start":{"line":4,"column":29},"end":{"line":4,"column":30}},"loc":{"start":{"line":4,"column":46},"end":{"line":31,"column":1}},"line":4},"1":{"name":"(anonymous_1)","decl":{"start":{"line":10,"column":27},"end":{"line":10,"column":28}},"loc":{"start":{"line":10,"column":33},"end":{"line":12,"column":3}},"line":10},"2":{"name":"(anonymous_2)","decl":{"start":{"line":14,"column":28},"end":{"line":14,"column":29}},"loc":{"start":{"line":14,"column":34},"end":{"line":18,"column":3}},"line":14}},"branchMap":{"0":{"loc":{"start":{"line":7,"column":37},"end":{"line":7,"column":58}},"type":"cond-expr","locations":[{"start":{"line":7,"column":47},"end":{"line":7,"column":53}},{"start":{"line":7,"column":56},"end":{"line":7,"column":58}}],"line":7},"1":{"loc":{"start":{"line":8,"column":37},"end":{"line":8,"column":58}},"type":"cond-expr","locations":[{"start":{"line":8,"column":47},"end":{"line":8,"column":49}},{"start":{"line":8,"column":52},"end":{"line":8,"column":58}}],"line":8}},"s":{"0":1,"1":7,"2":7,"3":7,"4":7,"5":3,"6":7,"7":0,"8":7,"9":1,"10":1},"f":{"0":7,"1":3,"2":0},"b":{"0":[2,5],"1":[2,5]},"_coverageSchema":"1a1c01bbd47fc00a2c39e90264f33305004495a9","hash":"76f108c3a8be6f465ac56cccd8ef673f52129808"}
,"/Users/mars/Documents/learning/full-stack-2023/notes/src/components/Notes/Note.jsx": {"path":"/Users/mars/Documents/learning/full-stack-2023/notes/src/components/Notes/Note.jsx","statementMap":{"0":{"start":{"line":1,"column":13},"end":{"line":10,"column":1}},"1":{"start":{"line":2,"column":16},"end":{"line":2,"column":72}},"2":{"start":{"line":4,"column":2},"end":{"line":9,"column":4}}},"fnMap":{"0":{"name":"(anonymous_0)","decl":{"start":{"line":1,"column":13},"end":{"line":1,"column":14}},"loc":{"start":{"line":1,"column":45},"end":{"line":10,"column":1}},"line":1}},"branchMap":{"0":{"loc":{"start":{"line":2,"column":16},"end":{"line":2,"column":72}},"type":"cond-expr","locations":[{"start":{"line":2,"column":33},"end":{"line":2,"column":53}},{"start":{"line":2,"column":56},"end":{"line":2,"column":72}}],"line":2}},"s":{"0":1,"1":1,"2":1},"f":{"0":1},"b":{"0":[1,0]},"_coverageSchema":"1a1c01bbd47fc00a2c39e90264f33305004495a9","hash":"d7143d01e39900d128f0d09bb0ae285af62de18d"}
,"/Users/mars/Documents/learning/full-stack-2023/notes/src/components/Notes/NoteForm.jsx": {"path":"/Users/mars/Documents/learning/full-stack-2023/notes/src/components/Notes/NoteForm.jsx","statementMap":{"0":{"start":{"line":2,"column":17},"end":{"line":26,"column":1}},"1":{"start":{"line":3,"column":32},"end":{"line":3,"column":44}},"2":{"start":{"line":5,"column":18},"end":{"line":13,"column":3}},"3":{"start":{"line":6,"column":4},"end":{"line":6,"column":27}},"4":{"start":{"line":7,"column":23},"end":{"line":10,"column":5}},"5":{"start":{"line":11,"column":4},"end":{"line":11,"column":33}},"6":{"start":{"line":12,"column":4},"end":{"line":12,"column":19}},"7":{"start":{"line":15,"column":2},"end":{"line":25,"column":4}},"8":{"start":{"line":19,"column":34},"end":{"line":19,"column":58}}},"fnMap":{"0":{"name":"(anonymous_0)","decl":{"start":{"line":2,"column":17},"end":{"line":2,"column":18}},"loc":{"start":{"line":2,"column":37},"end":{"line":26,"column":1}},"line":2},"1":{"name":"(anonymous_1)","decl":{"start":{"line":5,"column":18},"end":{"line":5,"column":19}},"loc":{"start":{"line":5,"column":35},"end":{"line":13,"column":3}},"line":5},"2":{"name":"(anonymous_2)","decl":{"start":{"line":19,"column":18},"end":{"line":19,"column":19}},"loc":{"start":{"line":19,"column":34},"end":{"line":19,"column":58}},"line":19}},"branchMap":{},"s":{"0":1,"1":19,"2":19,"3":1,"4":1,"5":1,"6":1,"7":19,"8":17},"f":{"0":19,"1":1,"2":17},"b":{},"_coverageSchema":"1a1c01bbd47fc00a2c39e90264f33305004495a9","hash":"7519a12bfd3bc1026e275a5508a75f4b403dfb64"}
,"/Users/mars/Documents/learning/full-stack-2023/notes/src/components/Notes/Notes.jsx": {"path":"/Users/mars/Documents/learning/full-stack-2023/notes/src/components/Notes/Notes.jsx","statementMap":{"0":{"start":{"line":4,"column":14},"end":{"line":27,"column":1}},"1":{"start":{"line":5,"column":32},"end":{"line":5,"column":46}},"2":{"start":{"line":6,"column":22},"end":{"line":6,"column":78}},"3":{"start":{"line":6,"column":63},"end":{"line":6,"column":77}},"4":{"start":{"line":8,"column":2},"end":{"line":26,"column":4}},"5":{"start":{"line":12,"column":31},"end":{"line":12,"column":51}},"6":{"start":{"line":18,"column":10},"end":{"line":22,"column":12}},"7":{"start":{"line":21,"column":36},"end":{"line":21,"column":63}}},"fnMap":{"0":{"name":"(anonymous_0)","decl":{"start":{"line":4,"column":14},"end":{"line":4,"column":15}},"loc":{"start":{"line":4,"column":49},"end":{"line":27,"column":1}},"line":4},"1":{"name":"(anonymous_1)","decl":{"start":{"line":6,"column":53},"end":{"line":6,"column":54}},"loc":{"start":{"line":6,"column":63},"end":{"line":6,"column":77}},"line":6},"2":{"name":"(anonymous_2)","decl":{"start":{"line":12,"column":25},"end":{"line":12,"column":26}},"loc":{"start":{"line":12,"column":31},"end":{"line":12,"column":51}},"line":12},"3":{"name":"(anonymous_3)","decl":{"start":{"line":17,"column":25},"end":{"line":17,"column":26}},"loc":{"start":{"line":18,"column":10},"end":{"line":22,"column":12}},"line":18},"4":{"name":"(anonymous_4)","decl":{"start":{"line":21,"column":30},"end":{"line":21,"column":31}},"loc":{"start":{"line":21,"column":36},"end":{"line":21,"column":63}},"line":21}},"branchMap":{"0":{"loc":{"start":{"line":6,"column":22},"end":{"line":6,"column":78}},"type":"cond-expr","locations":[{"start":{"line":6,"column":32},"end":{"line":6,"column":37}},{"start":{"line":6,"column":40},"end":{"line":6,"column":78}}],"line":6},"1":{"loc":{"start":{"line":13,"column":16},"end":{"line":13,"column":45}},"type":"cond-expr","locations":[{"start":{"line":13,"column":26},"end":{"line":13,"column":37}},{"start":{"line":13,"column":40},"end":{"line":13,"column":45}}],"line":13}},"s":{"0":0,"1":0,"2":0,"3":0,"4":0,"5":0,"6":0,"7":0},"f":{"0":0,"1":0,"2":0,"3":0,"4":0},"b":{"0":[0,0],"1":[0,0]}}
,"/Users/mars/Documents/learning/full-stack-2023/notes/src/services/login.js": {"path":"/Users/mars/Documents/learning/full-stack-2023/notes/src/services/login.js","statementMap":{"0":{"start":{"line":2,"column":16},"end":{"line":2,"column":49}},"1":{"start":{"line":4,"column":14},"end":{"line":7,"column":1}},"2":{"start":{"line":5,"column":19},"end":{"line":5,"column":57}},"3":{"start":{"line":6,"column":2},"end":{"line":6,"column":23}}},"fnMap":{"0":{"name":"(anonymous_0)","decl":{"start":{"line":4,"column":14},"end":{"line":4,"column":15}},"loc":{"start":{"line":4,"column":37},"end":{"line":7,"column":1}},"line":4}},"branchMap":{},"s":{"0":0,"1":0,"2":0,"3":0},"f":{"0":0},"b":{}}
,"/Users/mars/Documents/learning/full-stack-2023/notes/src/services/notes.js": {"path":"/Users/mars/Documents/learning/full-stack-2023/notes/src/services/notes.js","statementMap":{"0":{"start":{"line":2,"column":16},"end":{"line":2,"column":49}},"1":{"start":{"line":4,"column":12},"end":{"line":4,"column":16}},"2":{"start":{"line":6,"column":17},"end":{"line":8,"column":1}},"3":{"start":{"line":7,"column":2},"end":{"line":7,"column":31}},"4":{"start":{"line":10,"column":15},"end":{"line":18,"column":1}},"5":{"start":{"line":11,"column":18},"end":{"line":11,"column":36}},"6":{"start":{"line":12,"column":22},"end":{"line":16,"column":3}},"7":{"start":{"line":17,"column":2},"end":{"line":17,"column":71}},"8":{"start":{"line":17,"column":36},"end":{"line":17,"column":69}},"9":{"start":{"line":20,"column":15},"end":{"line":27,"column":1}},"10":{"start":{"line":21,"column":17},"end":{"line":23,"column":3}},"11":{"start":{"line":25,"column":19},"end":{"line":25,"column":63}},"12":{"start":{"line":26,"column":2},"end":{"line":26,"column":23}},"13":{"start":{"line":29,"column":15},"end":{"line":32,"column":1}},"14":{"start":{"line":30,"column":18},"end":{"line":30,"column":58}},"15":{"start":{"line":31,"column":2},"end":{"line":31,"column":51}},"16":{"start":{"line":31,"column":36},"end":{"line":31,"column":49}}},"fnMap":{"0":{"name":"(anonymous_0)","decl":{"start":{"line":6,"column":17},"end":{"line":6,"column":18}},"loc":{"start":{"line":6,"column":31},"end":{"line":8,"column":1}},"line":6},"1":{"name":"(anonymous_1)","decl":{"start":{"line":10,"column":15},"end":{"line":10,"column":16}},"loc":{"start":{"line":10,"column":21},"end":{"line":18,"column":1}},"line":10},"2":{"name":"(anonymous_2)","decl":{"start":{"line":17,"column":22},"end":{"line":17,"column":23}},"loc":{"start":{"line":17,"column":36},"end":{"line":17,"column":69}},"line":17},"3":{"name":"(anonymous_3)","decl":{"start":{"line":20,"column":15},"end":{"line":20,"column":16}},"loc":{"start":{"line":20,"column":36},"end":{"line":27,"column":1}},"line":20},"4":{"name":"(anonymous_4)","decl":{"start":{"line":29,"column":15},"end":{"line":29,"column":16}},"loc":{"start":{"line":29,"column":34},"end":{"line":32,"column":1}},"line":29},"5":{"name":"(anonymous_5)","decl":{"start":{"line":31,"column":22},"end":{"line":31,"column":23}},"loc":{"start":{"line":31,"column":36},"end":{"line":31,"column":49}},"line":31}},"branchMap":{},"s":{"0":0,"1":0,"2":0,"3":0,"4":0,"5":0,"6":0,"7":0,"8":0,"9":0,"10":0,"11":0,"12":0,"13":0,"14":0,"15":0,"16":0},"f":{"0":0,"1":0,"2":0,"3":0,"4":0,"5":0},"b":{}}
}
